# JRE version: Java(TM) SE Runtime Environment (7.0_51-b13) (build 1.7.0_51-b13)
# Java VM: Java HotSpot(TM) 64-Bit Server VM (24.51-b03 mixed mode bsd-amd64 compressed oops)
Heap
 PSYoungGen      total 19456K, used 18843K [0x00000007eaa80000, 0x00000007ecd00000, 0x0000000800000000)
  eden space 16896K, 96% used [0x00000007eaa80000,0x00000007eba6c920,0x00000007ebb00000)
  from space 2560K, 99% used [0x00000007ebb00000,0x00000007ebd7a330,0x00000007ebd80000)
  to   space 9216K, 0% used [0x00000007ec400000,0x00000007ec400000,0x00000007ecd00000)
 ParOldGen       total 43520K, used 7099K [0x00000007c0000000, 0x00000007c2a80000, 0x00000007eaa80000)
  object space 43520K, 16% used [0x00000007c0000000,0x00000007c06eecc8,0x00000007c2a80000)
 PSPermGen       total 21504K, used 13973K [0x00000007bae00000, 0x00000007bc300000, 0x00000007c0000000)
  object space 21504K, 64% used [0x00000007bae00000,0x00000007bbba5600,0x00000007bc300000)
GC Heap History (10 events):
Event: 6.027 GC heap before
{Heap before GC invocations=1 (full 0):
 PSYoungGen      total 19456K, used 16896K [0x00000007eaa80000, 0x00000007ec000000, 0x0000000800000000)
  eden space 16896K, 100% used [0x00000007eaa80000,0x00000007ebb00000,0x00000007ebb00000)
  from space 2560K, 0% used [0x00000007ebd80000,0x00000007ebd80000,0x00000007ec000000)
  to   space 2560K, 0% used [0x00000007ebb00000,0x00000007ebb00000,0x00000007ebd80000)
 ParOldGen       total 43520K, used 0K [0x00000007c0000000, 0x00000007c2a80000, 0x00000007eaa80000)
  object space 43520K, 0% used [0x00000007c0000000,0x00000007c0000000,0x00000007c2a80000)
 PSPermGen       total 21504K, used 13406K [0x00000007bae00000, 0x00000007bc300000, 0x00000007c0000000)
  object space 21504K, 62% used [0x00000007bae00000,0x00000007bbb178f0,0x00000007bc300000)
Event: 6.036 GC heap after
Heap after GC invocations=1 (full 0):
 PSYoungGen      total 19456K, used 2552K [0x00000007eaa80000, 0x00000007ec000000, 0x0000000800000000)
  eden space 16896K, 0% used [0x00000007eaa80000,0x00000007eaa80000,0x00000007ebb00000)
  from space 2560K, 99% used [0x00000007ebb00000,0x00000007ebd7e320,0x00000007ebd80000)
  to   space 2560K, 0% used [0x00000007ebd80000,0x00000007ebd80000,0x00000007ec000000)
 ParOldGen       total 43520K, used 6582K [0x00000007c0000000, 0x00000007c2a80000, 0x00000007eaa80000)
  object space 43520K, 15% used [0x00000007c0000000,0x00000007c066db60,0x00000007c2a80000)
 PSPermGen       total 21504K, used 13406K [0x00000007bae00000, 0x00000007bc300000, 0x00000007c0000000)
  object space 21504K, 62% used [0x00000007bae00000,0x00000007bbb178f0,0x00000007bc300000)
}
Event: 100.555 GC heap before
{Heap before GC invocations=2 (full 0):
 PSYoungGen      total 19456K, used 19448K [0x00000007eaa80000, 0x00000007ec000000, 0x0000000800000000)
  eden space 16896K, 100% used [0x00000007eaa80000,0x00000007ebb00000,0x00000007ebb00000)
  from space 2560K, 99% used [0x00000007ebb00000,0x00000007ebd7e320,0x00000007ebd80000)
  to   space 2560K, 0% used [0x00000007ebd80000,0x00000007ebd80000,0x00000007ec000000)
 ParOldGen       total 43520K, used 6582K [0x00000007c0000000, 0x00000007c2a80000, 0x00000007eaa80000)
  object space 43520K, 15% used [0x00000007c0000000,0x00000007c066db60,0x00000007c2a80000)
 PSPermGen       total 21504K, used 13611K [0x00000007bae00000, 0x00000007bc300000, 0x00000007c0000000)
  object space 21504K, 63% used [0x00000007bae00000,0x00000007bbb4acd8,0x00000007bc300000)
Event: 100.564 GC heap after
Heap after GC invocations=2 (full 0):
 PSYoungGen      total 19456K, used 2531K [0x00000007eaa80000, 0x00000007ec000000, 0x0000000800000000)
  eden space 16896K, 0% used [0x00000007eaa80000,0x00000007eaa80000,0x00000007ebb00000)
  from space 2560K, 98% used [0x00000007ebd80000,0x00000007ebff8fd0,0x00000007ec000000)
  to   space 2560K, 0% used [0x00000007ebb00000,0x00000007ebb00000,0x00000007ebd80000)
 ParOldGen       total 43520K, used 6718K [0x00000007c0000000, 0x00000007c2a80000, 0x00000007eaa80000)
  object space 43520K, 15% used [0x00000007c0000000,0x00000007c068fb60,0x00000007c2a80000)
 PSPermGen       total 21504K, used 13611K [0x00000007bae00000, 0x00000007bc300000, 0x00000007c0000000)
  object space 21504K, 63% used [0x00000007bae00000,0x00000007bbb4acd8,0x00000007bc300000)
}
Event: 164.674 GC heap before
{Heap before GC invocations=3 (full 0):
 PSYoungGen      total 19456K, used 19427K [0x00000007eaa80000, 0x00000007ec000000, 0x0000000800000000)
  eden space 16896K, 100% used [0x00000007eaa80000,0x00000007ebb00000,0x00000007ebb00000)
  from space 2560K, 98% used [0x00000007ebd80000,0x00000007ebff8fd0,0x00000007ec000000)
  to   space 2560K, 0% used [0x00000007ebb00000,0x00000007ebb00000,0x00000007ebd80000)
 ParOldGen       total 43520K, used 6718K [0x00000007c0000000, 0x00000007c2a80000, 0x00000007eaa80000)
  object space 43520K, 15% used [0x00000007c0000000,0x00000007c068fb60,0x00000007c2a80000)
 PSPermGen       total 21504K, used 13796K [0x00000007bae00000, 0x00000007bc300000, 0x00000007c0000000)
  object space 21504K, 64% used [0x00000007bae00000,0x00000007bbb79050,0x00000007bc300000)
Event: 164.679 GC heap after
Heap after GC invocations=3 (full 0):
 PSYoungGen      total 19456K, used 2548K [0x00000007eaa80000, 0x00000007ec000000, 0x0000000800000000)
  eden space 16896K, 0% used [0x00000007eaa80000,0x00000007eaa80000,0x00000007ebb00000)
  from space 2560K, 99% used [0x00000007ebb00000,0x00000007ebd7d0e0,0x00000007ebd80000)
  to   space 2560K, 0% used [0x00000007ebd80000,0x00000007ebd80000,0x00000007ec000000)
 ParOldGen       total 43520K, used 6963K [0x00000007c0000000, 0x00000007c2a80000, 0x00000007eaa80000)
  object space 43520K, 15% used [0x00000007c0000000,0x00000007c06cccc8,0x00000007c2a80000)
 PSPermGen       total 21504K, used 13796K [0x00000007bae00000, 0x00000007bc300000, 0x00000007c0000000)
  object space 21504K, 64% used [0x00000007bae00000,0x00000007bbb79050,0x00000007bc300000)
}
Event: 256.254 GC heap before
{Heap before GC invocations=4 (full 0):
 PSYoungGen      total 19456K, used 19444K [0x00000007eaa80000, 0x00000007ec000000, 0x0000000800000000)
  eden space 16896K, 100% used [0x00000007eaa80000,0x00000007ebb00000,0x00000007ebb00000)
  from space 2560K, 99% used [0x00000007ebb00000,0x00000007ebd7d0e0,0x00000007ebd80000)
  to   space 2560K, 0% used [0x00000007ebd80000,0x00000007ebd80000,0x00000007ec000000)
 ParOldGen       total 43520K, used 6963K [0x00000007c0000000, 0x00000007c2a80000, 0x00000007eaa80000)
  object space 43520K, 15% used [0x00000007c0000000,0x00000007c06cccc8,0x00000007c2a80000)
 PSPermGen       total 21504K, used 13818K [0x00000007bae00000, 0x00000007bc300000, 0x00000007c0000000)
  object space 21504K, 64% used [0x00000007bae00000,0x00000007bbb7eb28,0x00000007bc300000)
Event: 256.261 GC heap after
Heap after GC invocations=4 (full 0):
 PSYoungGen      total 19456K, used 2544K [0x00000007eaa80000, 0x00000007ec000000, 0x0000000800000000)
  eden space 16896K, 0% used [0x00000007eaa80000,0x00000007eaa80000,0x00000007ebb00000)
  from space 2560K, 99% used [0x00000007ebd80000,0x00000007ebffc260,0x00000007ec000000)
  to   space 2560K, 0% used [0x00000007ebb00000,0x00000007ebb00000,0x00000007ebd80000)
 ParOldGen       total 43520K, used 6987K [0x00000007c0000000, 0x00000007c2a80000, 0x00000007eaa80000)
  object space 43520K, 16% used [0x00000007c0000000,0x00000007c06d2cc8,0x00000007c2a80000)
 PSPermGen       total 21504K, used 13818K [0x00000007bae00000, 0x00000007bc300000, 0x00000007c0000000)
  object space 21504K, 64% used [0x00000007bae00000,0x00000007bbb7eb28,0x00000007bc300000)
}
Event: 353.579 GC heap before
{Heap before GC invocations=5 (full 0):
 PSYoungGen      total 19456K, used 19440K [0x00000007eaa80000, 0x00000007ec000000, 0x0000000800000000)
  eden space 16896K, 100% used [0x00000007eaa80000,0x00000007ebb00000,0x00000007ebb00000)
  from space 2560K, 99% used [0x00000007ebd80000,0x00000007ebffc260,0x00000007ec000000)
  to   space 2560K, 0% used [0x00000007ebb00000,0x00000007ebb00000,0x00000007ebd80000)
 ParOldGen       total 43520K, used 6987K [0x00000007c0000000, 0x00000007c2a80000, 0x00000007eaa80000)
  object space 43520K, 16% used [0x00000007c0000000,0x00000007c06d2cc8,0x00000007c2a80000)
 PSPermGen       total 21504K, used 13932K [0x00000007bae00000, 0x00000007bc300000, 0x00000007c0000000)
  object space 21504K, 64% used [0x00000007bae00000,0x00000007bbb9b1a8,0x00000007bc300000)
Event: 353.587 GC heap after
Heap after GC invocations=5 (full 0):
 PSYoungGen      total 19456K, used 2536K [0x00000007eaa80000, 0x00000007ecd00000, 0x0000000800000000)
  eden space 16896K, 0% used [0x00000007eaa80000,0x00000007eaa80000,0x00000007ebb00000)
  from space 2560K, 99% used [0x00000007ebb00000,0x00000007ebd7a330,0x00000007ebd80000)
  to   space 9216K, 0% used [0x00000007ec400000,0x00000007ec400000,0x00000007ecd00000)
 ParOldGen       total 43520K, used 7099K [0x00000007c0000000, 0x00000007c2a80000, 0x00000007eaa80000)
  object space 43520K, 16% used [0x00000007c0000000,0x00000007c06eecc8,0x00000007c2a80000)
 PSPermGen       total 21504K, used 13932K [0x00000007bae00000, 0x00000007bc300000, 0x00000007c0000000)
  object space 21504K, 64% used [0x00000007bae00000,0x00000007bbb9b1a8,0x00000007bc300000)
}

